 INFO [main] context.ContextLoader.[] 四月/27 11:55:36 - Root WebApplicationContext: initialization started
 INFO [main] support.XmlWebApplicationContext.[] 四月/27 11:55:36 - Refreshing org.springframework.web.context.support.XmlWebApplicationContext@1dab039: display name [Root WebApplicationContext]; startup date [Mon Apr 27 11:55:36 CST 2009]; root of context hierarchy
 INFO [main] xml.XmlBeanDefinitionReader.[] 四月/27 11:55:36 - Loading XML bean definitions from file [D:\ProgramFiles\Program\Tomcat6\webapps\uPortal\WEB-INF\classes\properties\contexts\applicationContext.xml]
 INFO [main] xml.XmlBeanDefinitionReader.[] 四月/27 11:55:37 - Loading XML bean definitions from file [D:\ProgramFiles\Program\Tomcat6\webapps\uPortal\WEB-INF\classes\properties\contexts\cacheContext.xml]
 INFO [main] xml.XmlBeanDefinitionReader.[] 四月/27 11:55:37 - Loading XML bean definitions from file [D:\ProgramFiles\Program\Tomcat6\webapps\uPortal\WEB-INF\classes\properties\contexts\channelContainerContext.xml]
 INFO [main] xml.XmlBeanDefinitionReader.[] 四月/27 11:55:37 - Loading XML bean definitions from file [D:\ProgramFiles\Program\Tomcat6\webapps\uPortal\WEB-INF\classes\properties\contexts\checksContext.xml]
 INFO [main] xml.XmlBeanDefinitionReader.[] 四月/27 11:55:37 - Loading XML bean definitions from file [D:\ProgramFiles\Program\Tomcat6\webapps\uPortal\WEB-INF\classes\properties\contexts\datasourceContext.xml]
 INFO [main] xml.XmlBeanDefinitionReader.[] 四月/27 11:55:37 - Loading XML bean definitions from file [D:\ProgramFiles\Program\Tomcat6\webapps\uPortal\WEB-INF\classes\properties\contexts\flowsContext.xml]
 INFO [main] xml.XmlBeanDefinitionReader.[] 四月/27 11:55:37 - Loading XML bean definitions from file [D:\ProgramFiles\Program\Tomcat6\webapps\uPortal\WEB-INF\classes\properties\contexts\importExportContext.xml]
 INFO [main] xml.XmlBeanDefinitionReader.[] 四月/27 11:55:37 - Loading XML bean definitions from file [D:\ProgramFiles\Program\Tomcat6\webapps\uPortal\WEB-INF\classes\properties\contexts\jmxContext.xml]
 INFO [main] xml.XmlBeanDefinitionReader.[] 四月/27 11:55:37 - Loading XML bean definitions from file [D:\ProgramFiles\Program\Tomcat6\webapps\uPortal\WEB-INF\classes\properties\contexts\jndiContext.xml]
 INFO [main] xml.XmlBeanDefinitionReader.[] 四月/27 11:55:37 - Loading XML bean definitions from file [D:\ProgramFiles\Program\Tomcat6\webapps\uPortal\WEB-INF\classes\properties\contexts\layoutContext.xml]
 INFO [main] xml.XmlBeanDefinitionReader.[] 四月/27 11:55:37 - Loading XML bean definitions from file [D:\ProgramFiles\Program\Tomcat6\webapps\uPortal\WEB-INF\classes\properties\contexts\ldapContext.xml]
 INFO [main] xml.XmlBeanDefinitionReader.[] 四月/27 11:55:37 - Loading XML bean definitions from file [D:\ProgramFiles\Program\Tomcat6\webapps\uPortal\WEB-INF\classes\properties\contexts\locatorContext.xml]
 INFO [main] xml.XmlBeanDefinitionReader.[] 四月/27 11:55:37 - Loading XML bean definitions from file [D:\ProgramFiles\Program\Tomcat6\webapps\uPortal\WEB-INF\classes\properties\contexts\mvcContext.xml]
 INFO [main] xml.XmlBeanDefinitionReader.[] 四月/27 11:55:37 - Loading XML bean definitions from file [D:\ProgramFiles\Program\Tomcat6\webapps\uPortal\WEB-INF\classes\properties\contexts\persistenceContext.xml]
 INFO [main] xml.XmlBeanDefinitionReader.[] 四月/27 11:55:37 - Loading XML bean definitions from file [D:\ProgramFiles\Program\Tomcat6\webapps\uPortal\WEB-INF\classes\properties\contexts\personDirectoryContext.xml]
 INFO [main] xml.XmlBeanDefinitionReader.[] 四月/27 11:55:37 - Loading XML bean definitions from file [D:\ProgramFiles\Program\Tomcat6\webapps\uPortal\WEB-INF\classes\properties\contexts\portletContainerContext.xml]
 INFO [main] xml.XmlBeanDefinitionReader.[] 四月/27 11:55:37 - Loading XML bean definitions from file [D:\ProgramFiles\Program\Tomcat6\webapps\uPortal\WEB-INF\classes\properties\contexts\renderingPipelineContext.xml]
 INFO [main] xml.XmlBeanDefinitionReader.[] 四月/27 11:55:37 - Loading XML bean definitions from file [D:\ProgramFiles\Program\Tomcat6\webapps\uPortal\WEB-INF\classes\properties\contexts\requestParameterProcessingContext.xml]
 INFO [main] xml.XmlBeanDefinitionReader.[] 四月/27 11:55:37 - Loading XML bean definitions from file [D:\ProgramFiles\Program\Tomcat6\webapps\uPortal\WEB-INF\classes\properties\contexts\schedulerContext.xml]
 INFO [main] xml.XmlBeanDefinitionReader.[] 四月/27 11:55:37 - Loading XML bean definitions from file [D:\ProgramFiles\Program\Tomcat6\webapps\uPortal\WEB-INF\classes\properties\contexts\securityContext.xml]
 INFO [main] xml.XmlBeanDefinitionReader.[] 四月/27 11:55:37 - Loading XML bean definitions from file [D:\ProgramFiles\Program\Tomcat6\webapps\uPortal\WEB-INF\classes\properties\contexts\servicesContext.xml]
 INFO [main] xml.XmlBeanDefinitionReader.[] 四月/27 11:55:37 - Loading XML bean definitions from file [D:\ProgramFiles\Program\Tomcat6\webapps\uPortal\WEB-INF\classes\properties\contexts\statsContext.xml]
 INFO [main] xml.XmlBeanDefinitionReader.[] 四月/27 11:55:37 - Loading XML bean definitions from file [D:\ProgramFiles\Program\Tomcat6\webapps\uPortal\WEB-INF\classes\properties\contexts\userContext.xml]
 INFO [main] support.XmlWebApplicationContext.[] 四月/27 11:55:37 - Bean factory for application context [org.springframework.web.context.support.XmlWebApplicationContext@1dab039]: org.springframework.beans.factory.support.DefaultListableBeanFactory@2371c0
 INFO [main] config.PropertyPlaceholderConfigurer.[] 四月/27 11:55:38 - Loading properties file from class path resource [properties/rdbm.properties]
 INFO [main] config.PropertyPlaceholderConfigurer.[] 四月/27 11:55:38 - Loading properties file from class path resource [properties/portal.properties]
 INFO [main] ehcache.EhCacheManagerFactoryBean.[] 四月/27 11:55:38 - Initializing EHCache CacheManager
 INFO [main] jndi.DisposableMemoryContextFactory.[] 四月/27 11:55:38 - Created new MemoryContext with environment '{java.naming.provider.url=, java.naming.factory.url.pkgs=org.apache.naming:tyrex.naming, java.naming.factory.initial=org.jasig.portal.jndi.DisposableMemoryContextFactory}'
 INFO [main] jndi.JndiManagerImpl.[] 四月/27 11:55:38 - Initialized portal JNDI context
 INFO [main] factory.MediatingFactoryBean.[] 四月/27 11:55:39 - Loaded bean for name PortalDb.JNDI
 INFO [main] concurrent.ThreadPoolTaskExecutor.[] 四月/27 11:55:40 - Initializing ThreadPoolExecutor 'org.springframework.scheduling.concurrent.ThreadPoolTaskExecutor#17f6f8e'
 INFO [main] jpa.HibernateJpaVendorAdapter.[] 四月/27 11:55:40 - Setting CacheProvider 'org.jasig.portal.utils.cache.hibernate.EhCacheProvider@3b988c' on ThreadLocal
 INFO [main] jpa.LocalContainerEntityManagerFactoryBean.[] 四月/27 11:55:40 - Building JPA container EntityManagerFactory for persistence unit 'uPortalPersistence'
 INFO [main] annotations.Version.[] 四月/27 11:55:40 - Hibernate Annotations 3.3.1.GA
 INFO [main] cfg.Environment.[] 四月/27 11:55:40 - Hibernate 3.2.6
 INFO [main] cfg.Environment.[] 四月/27 11:55:40 - hibernate.properties not found
 INFO [main] cfg.Environment.[] 四月/27 11:55:40 - Bytecode provider name : cglib
 INFO [main] cfg.Environment.[] 四月/27 11:55:40 - using JDK 1.4 java.sql.Timestamp handling
 INFO [main] ejb.Version.[] 四月/27 11:55:40 - Hibernate EntityManager 3.3.2.GA
 INFO [main] ejb.Ejb3Configuration.[] 四月/27 11:55:40 - Processing PersistenceUnitInfo [
	name: uPortalPersistence
	...]
 INFO [main] cfg.Configuration.[] 四月/27 11:55:40 - configuring from resource: /properties/db/hibernate.cfg.xml
 INFO [main] cfg.Configuration.[] 四月/27 11:55:40 - Configuration resource: /properties/db/hibernate.cfg.xml
 INFO [main] cfg.Configuration.[] 四月/27 11:55:40 - Reading mappings from resource : properties/db/global.hbm.xml
 INFO [main] cfg.Configuration.[] 四月/27 11:55:40 - Configured SessionFactory: null
 INFO [main] cfg.AnnotationBinder.[] 四月/27 11:55:41 - Binding entity from annotated class: org.jasig.portal.layout.dlm.Evaluator
 INFO [main] annotations.EntityBinder.[] 四月/27 11:55:41 - Bind entity org.jasig.portal.layout.dlm.Evaluator on table UP_DLM_EVALUATOR
 INFO [main] cfg.AnnotationBinder.[] 四月/27 11:55:41 - Binding entity from annotated class: org.jasig.portal.layout.dlm.FragmentDefinition
 INFO [main] cfg.AnnotationBinder.[] 四月/27 11:55:41 - Binding entity from annotated class: org.jasig.portal.layout.dlm.providers.AllUsersEvaluatorFactory
 INFO [main] cfg.AnnotationBinder.[] 四月/27 11:55:41 - Binding entity from annotated class: org.jasig.portal.layout.dlm.providers.AttributeEvaluator
 INFO [main] cfg.AnnotationBinder.[] 四月/27 11:55:41 - Binding entity from annotated class: org.jasig.portal.layout.dlm.providers.GroupMembershipEvaluator
 INFO [main] cfg.AnnotationBinder.[] 四月/27 11:55:41 - Binding entity from annotated class: org.jasig.portal.layout.dlm.providers.GuestUserEvaluatorFactory
 INFO [main] cfg.AnnotationBinder.[] 四月/27 11:55:41 - Binding entity from annotated class: org.jasig.portal.layout.dlm.providers.Paren
 INFO [main] cfg.AnnotationBinder.[] 四月/27 11:55:41 - Binding entity from annotated class: org.jasig.portal.portlet.dao.jpa.PortletDefinitionImpl
 INFO [main] annotations.EntityBinder.[] 四月/27 11:55:41 - Bind entity org.jasig.portal.portlet.dao.jpa.PortletDefinitionImpl on table UP_PORTLET_DEF
 INFO [main] cfg.AnnotationBinder.[] 四月/27 11:55:41 - Binding entity from annotated class: org.jasig.portal.portlet.dao.jpa.PortletEntityImpl
 INFO [main] annotations.EntityBinder.[] 四月/27 11:55:41 - Bind entity org.jasig.portal.portlet.dao.jpa.PortletEntityImpl on table UP_PORTLET_ENT
 INFO [main] cfg.AnnotationBinder.[] 四月/27 11:55:41 - Binding entity from annotated class: org.jasig.portal.portlet.dao.jpa.PortletPreferencesImpl
 INFO [main] annotations.EntityBinder.[] 四月/27 11:55:41 - Bind entity org.jasig.portal.portlet.dao.jpa.PortletPreferencesImpl on table UP_PORTLET_PREFS
 INFO [main] cfg.AnnotationBinder.[] 四月/27 11:55:41 - Binding entity from annotated class: org.jasig.portal.portlet.dao.jpa.PortletPreferenceImpl
 INFO [main] annotations.EntityBinder.[] 四月/27 11:55:41 - Bind entity org.jasig.portal.portlet.dao.jpa.PortletPreferenceImpl on table UP_PORTLET_PREF
 INFO [main] annotations.CollectionBinder.[] 四月/27 11:55:41 - Mapping collection: org.jasig.portal.portlet.dao.jpa.PortletPreferencesImpl.portletPreferences -> UP_PORTLET_PREF
 INFO [main] annotations.CollectionBinder.[] 四月/27 11:55:41 - Mapping collection: org.jasig.portal.portlet.dao.jpa.PortletDefinitionImpl.portletEntities -> UP_PORTLET_ENT
 INFO [main] cfg.AnnotationConfiguration.[] 四月/27 11:55:41 - Hibernate Validator not found: ignoring
 INFO [main] connection.ConnectionProviderFactory.[] 四月/27 11:55:41 - Initializing connection provider: org.hibernate.ejb.connection.InjectedDataSourceConnectionProvider
 INFO [main] connection.InjectedDataSourceConnectionProvider.[] 四月/27 11:55:41 - Using provided datasource
 INFO [main] cfg.SettingsFactory.[] 四月/27 11:55:41 - RDBMS: Oracle, version: Personal Oracle9i Release 9.2.0.1.0 - Production
With the Partitioning, OLAP and Oracle Data Mining options
JServer Release 9.2.0.1.0 - Production
 INFO [main] cfg.SettingsFactory.[] 四月/27 11:55:41 - JDBC driver: Oracle JDBC driver, version: 10.2.0.4.0
 INFO [main] dialect.Dialect.[] 四月/27 11:55:41 - Using dialect: org.hibernate.dialect.Oracle10gDialect
 INFO [main] transaction.TransactionFactoryFactory.[] 四月/27 11:55:41 - Transaction strategy: org.hibernate.transaction.JDBCTransactionFactory
 INFO [main] transaction.TransactionManagerLookupFactory.[] 四月/27 11:55:41 - No TransactionManagerLookup configured (in JTA environment, use of read-write or transactional second-level cache is not recommended)
 INFO [main] cfg.SettingsFactory.[] 四月/27 11:55:41 - Automatic flush during beforeCompletion(): disabled
 INFO [main] cfg.SettingsFactory.[] 四月/27 11:55:41 - Automatic session close at end of transaction: disabled
 INFO [main] cfg.SettingsFactory.[] 四月/27 11:55:41 - JDBC batch size: 25
 INFO [main] cfg.SettingsFactory.[] 四月/27 11:55:41 - JDBC batch updates for versioned data: disabled
 INFO [main] cfg.SettingsFactory.[] 四月/27 11:55:41 - Scrollable result sets: enabled
 INFO [main] cfg.SettingsFactory.[] 四月/27 11:55:41 - JDBC3 getGeneratedKeys(): disabled
 INFO [main] cfg.SettingsFactory.[] 四月/27 11:55:41 - Connection release mode: auto
 INFO [main] cfg.SettingsFactory.[] 四月/27 11:55:41 - Default batch fetch size: 1
 INFO [main] cfg.SettingsFactory.[] 四月/27 11:55:41 - Generate SQL with comments: disabled
 INFO [main] cfg.SettingsFactory.[] 四月/27 11:55:41 - Order SQL updates by primary key: disabled
 INFO [main] cfg.SettingsFactory.[] 四月/27 11:55:41 - Order SQL inserts for batching: disabled
 INFO [main] cfg.SettingsFactory.[] 四月/27 11:55:41 - Query translator: org.hibernate.hql.ast.ASTQueryTranslatorFactory
 INFO [main] ast.ASTQueryTranslatorFactory.[] 四月/27 11:55:41 - Using ASTQueryTranslatorFactory
 INFO [main] cfg.SettingsFactory.[] 四月/27 11:55:41 - Query language substitutions: {}
 INFO [main] cfg.SettingsFactory.[] 四月/27 11:55:41 - JPA-QL strict compliance: enabled
 INFO [main] cfg.SettingsFactory.[] 四月/27 11:55:41 - Second-level cache: enabled
 INFO [main] cfg.SettingsFactory.[] 四月/27 11:55:41 - Query cache: enabled
 INFO [main] cfg.SettingsFactory.[] 四月/27 11:55:41 - Cache provider: org.jasig.portal.spring.orm.jpa.LocalCacheProviderProxy
 INFO [main] cfg.SettingsFactory.[] 四月/27 11:55:41 - Optimize cache for minimal puts: disabled
 INFO [main] cfg.SettingsFactory.[] 四月/27 11:55:41 - Structured second-level cache entries: disabled
 INFO [main] cfg.SettingsFactory.[] 四月/27 11:55:41 - Query cache factory: org.hibernate.cache.StandardQueryCacheFactory
 INFO [main] cfg.SettingsFactory.[] 四月/27 11:55:41 - Statistics: enabled
 INFO [main] cfg.SettingsFactory.[] 四月/27 11:55:41 - Deleted entity synthetic identifier rollback: disabled
 INFO [main] cfg.SettingsFactory.[] 四月/27 11:55:41 - Default entity-mode: pojo
 INFO [main] cfg.SettingsFactory.[] 四月/27 11:55:41 - Named query checking : enabled
 INFO [main] impl.SessionFactoryImpl.[] 四月/27 11:55:41 - building session factory
 INFO [main] impl.SessionFactoryObjectFactory.[] 四月/27 11:55:41 - Not binding factory to JNDI, no JNDI name configured
 INFO [main] cache.UpdateTimestampsCache.[] 四月/27 11:55:41 - starting update timestamps cache at region: org.hibernate.cache.UpdateTimestampsCache
 INFO [main] cache.StandardQueryCache.[] 四月/27 11:55:41 - starting query cache at region: org.hibernate.cache.StandardQueryCache
 INFO [main] jpa.HibernateJpaVendorAdapter.[] 四月/27 11:55:42 - Setting CacheProvider 'org.jasig.portal.utils.cache.hibernate.EhCacheProvider@3b988c' on ThreadLocal
 INFO [main] jpa.LocalContainerEntityManagerFactoryBean.[] 四月/27 11:55:42 - Building JPA container EntityManagerFactory for persistence unit 'uPortalStatsPersistence'
 INFO [main] ejb.Ejb3Configuration.[] 四月/27 11:55:42 - Processing PersistenceUnitInfo [
	name: uPortalStatsPersistence
	...]
 INFO [main] cfg.Configuration.[] 四月/27 11:55:42 - configuring from resource: /properties/db/stats/hibernate.cfg.xml
 INFO [main] cfg.Configuration.[] 四月/27 11:55:42 - Configuration resource: /properties/db/stats/hibernate.cfg.xml
 INFO [main] cfg.Configuration.[] 四月/27 11:55:42 - Reading mappings from resource : properties/db/stats/portalEvents.hbm.xml
 INFO [main] cfg.Configuration.[] 四月/27 11:55:42 - Configured SessionFactory: null
 INFO [main] cfg.HbmBinder.[] 四月/27 11:55:42 - Mapping class: org.jasig.portal.events.handlers.db.StatsSession -> STATS_SESSION
 INFO [main] cfg.HbmBinder.[] 四月/27 11:55:42 - Mapping collection: org.jasig.portal.events.handlers.db.StatsSession.groups -> STATS_SESSION_GROUPS
 INFO [main] cfg.HbmBinder.[] 四月/27 11:55:42 - Mapping class: org.jasig.portal.events.EventType -> STATS_EVENT_TYPE
 INFO [main] cfg.HbmBinder.[] 四月/27 11:55:42 - Mapping class: org.jasig.portal.events.PortalEvent -> STATS_EVENT
 INFO [main] cfg.HbmBinder.[] 四月/27 11:55:42 - Mapping subclass: org.jasig.portal.events.support.UserLoggedInPortalEvent -> STATS_EVENT
 INFO [main] cfg.HbmBinder.[] 四月/27 11:55:42 - Mapping subclass: org.jasig.portal.events.support.UserLoggedOutPortalEvent -> STATS_EVENT
 INFO [main] cfg.HbmBinder.[] 四月/27 11:55:42 - Mapping subclass: org.jasig.portal.events.support.UserSessionCreatedPortalEvent -> STATS_EVENT
 INFO [main] cfg.HbmBinder.[] 四月/27 11:55:42 - Mapping subclass: org.jasig.portal.events.support.UserSessionDestroyedPortalEvent -> STATS_EVENT
 INFO [main] cfg.HbmBinder.[] 四月/27 11:55:42 - Mapping subclass: org.jasig.portal.events.support.ChannelPortalEvent -> STATS_EVENT
 INFO [main] cfg.HbmBinder.[] 四月/27 11:55:42 - Mapping class join: org.jasig.portal.events.support.ChannelPortalEvent -> STATS_CHANNEL
 INFO [main] cfg.HbmBinder.[] 四月/27 11:55:42 - Mapping subclass: org.jasig.portal.events.support.PublishedChannelDefinitionPortalEvent -> STATS_EVENT
 INFO [main] cfg.HbmBinder.[] 四月/27 11:55:42 - Mapping subclass: org.jasig.portal.events.support.ModifiedChannelDefinitionPortalEvent -> STATS_EVENT
 INFO [main] cfg.HbmBinder.[] 四月/27 11:55:42 - Mapping subclass: org.jasig.portal.events.support.RemovedChannelDefinitionPortalEvent -> STATS_EVENT
 INFO [main] cfg.HbmBinder.[] 四月/27 11:55:42 - Mapping subclass: org.jasig.portal.events.support.ChannelLayoutPortalEvent -> STATS_EVENT
 INFO [main] cfg.HbmBinder.[] 四月/27 11:55:42 - Mapping class join: org.jasig.portal.events.support.ChannelLayoutPortalEvent -> STATS_CHANNEL
 INFO [main] cfg.HbmBinder.[] 四月/27 11:55:42 - Mapping class join: org.jasig.portal.events.support.ChannelLayoutPortalEvent -> STATS_FOLDER
 INFO [main] cfg.HbmBinder.[] 四月/27 11:55:42 - Mapping subclass: org.jasig.portal.events.support.ChannelAddedToLayoutPortalEvent -> STATS_EVENT
 INFO [main] cfg.HbmBinder.[] 四月/27 11:55:42 - Mapping subclass: org.jasig.portal.events.support.ChannelUpdatedInLayoutPortalEvent -> STATS_EVENT
 INFO [main] cfg.HbmBinder.[] 四月/27 11:55:42 - Mapping subclass: org.jasig.portal.events.support.ChannelRemovedFromLayoutPortalEvent -> STATS_EVENT
 INFO [main] cfg.HbmBinder.[] 四月/27 11:55:42 - Mapping subclass: org.jasig.portal.events.support.ChannelInstanciatedInLayoutPortalEvent -> STATS_EVENT
 INFO [main] cfg.HbmBinder.[] 四月/27 11:55:42 - Mapping subclass: org.jasig.portal.events.support.ChannelTargetedInLayoutPortalEvent -> STATS_EVENT
 INFO [main] cfg.HbmBinder.[] 四月/27 11:55:42 - Mapping subclass: org.jasig.portal.events.support.ChannelRenderedInLayoutPortalEvent -> STATS_EVENT
 INFO [main] cfg.HbmBinder.[] 四月/27 11:55:42 - Mapping class join: org.jasig.portal.events.support.ChannelRenderedInLayoutPortalEvent -> STATS_RENDER_TIME
 INFO [main] cfg.HbmBinder.[] 四月/27 11:55:42 - Mapping subclass: org.jasig.portal.events.support.PortletActionInLayoutPortalEvent -> STATS_EVENT
 INFO [main] cfg.HbmBinder.[] 四月/27 11:55:42 - Mapping class join: org.jasig.portal.events.support.PortletActionInLayoutPortalEvent -> STATS_RENDER_TIME
 INFO [main] cfg.HbmBinder.[] 四月/27 11:55:42 - Mapping subclass: org.jasig.portal.events.support.ChannelMovedInLayoutPortalEvent -> STATS_EVENT
 INFO [main] cfg.HbmBinder.[] 四月/27 11:55:42 - Mapping class join: org.jasig.portal.events.support.ChannelMovedInLayoutPortalEvent -> STATS_CHANNEL
 INFO [main] cfg.HbmBinder.[] 四月/27 11:55:42 - Mapping class join: org.jasig.portal.events.support.ChannelMovedInLayoutPortalEvent -> STATS_FOLDER
 INFO [main] cfg.HbmBinder.[] 四月/27 11:55:42 - Mapping subclass: org.jasig.portal.events.support.LayoutPortalEvent -> STATS_EVENT
 INFO [main] cfg.HbmBinder.[] 四月/27 11:55:42 - Mapping class join: org.jasig.portal.events.support.LayoutPortalEvent -> STATS_FOLDER
 INFO [main] cfg.HbmBinder.[] 四月/27 11:55:42 - Mapping subclass: org.jasig.portal.events.support.UserAddedFolderToLayoutPortalEvent -> STATS_EVENT
 INFO [main] cfg.HbmBinder.[] 四月/27 11:55:42 - Mapping subclass: org.jasig.portal.events.support.UserMovedFolderInLayoutPortalEvent -> STATS_EVENT
 INFO [main] cfg.HbmBinder.[] 四月/27 11:55:42 - Mapping subclass: org.jasig.portal.events.support.UserRemovedFolderFromLayoutPortalEvent -> STATS_EVENT
 INFO [main] cfg.HbmBinder.[] 四月/27 11:55:42 - Mapping subclass: org.jasig.portal.events.support.UserUpdatedFolderInLayoutPortalEvent -> STATS_EVENT
 INFO [main] cfg.HbmBinder.[] 四月/27 11:55:42 - Mapping subclass: org.jasig.portal.events.support.PageRenderTimePortalEvent -> STATS_EVENT
 INFO [main] cfg.HbmBinder.[] 四月/27 11:55:42 - Mapping class join: org.jasig.portal.events.support.PageRenderTimePortalEvent -> STATS_RENDER_TIME
 INFO [main] cfg.AnnotationConfiguration.[] 四月/27 11:55:42 - Hibernate Validator not found: ignoring
 INFO [main] connection.ConnectionProviderFactory.[] 四月/27 11:55:42 - Initializing connection provider: org.hibernate.ejb.connection.InjectedDataSourceConnectionProvider
 INFO [main] connection.InjectedDataSourceConnectionProvider.[] 四月/27 11:55:42 - Using provided datasource
 INFO [main] cfg.SettingsFactory.[] 四月/27 11:55:42 - RDBMS: Oracle, version: Personal Oracle9i Release 9.2.0.1.0 - Production
With the Partitioning, OLAP and Oracle Data Mining options
JServer Release 9.2.0.1.0 - Production
 INFO [main] cfg.SettingsFactory.[] 四月/27 11:55:42 - JDBC driver: Oracle JDBC driver, version: 10.2.0.4.0
 INFO [main] dialect.Dialect.[] 四月/27 11:55:42 - Using dialect: org.hibernate.dialect.Oracle10gDialect
 INFO [main] transaction.TransactionFactoryFactory.[] 四月/27 11:55:42 - Transaction strategy: org.hibernate.transaction.JDBCTransactionFactory
 INFO [main] transaction.TransactionManagerLookupFactory.[] 四月/27 11:55:42 - No TransactionManagerLookup configured (in JTA environment, use of read-write or transactional second-level cache is not recommended)
 INFO [main] cfg.SettingsFactory.[] 四月/27 11:55:42 - Automatic flush during beforeCompletion(): disabled
 INFO [main] cfg.SettingsFactory.[] 四月/27 11:55:42 - Automatic session close at end of transaction: disabled
 INFO [main] cfg.SettingsFactory.[] 四月/27 11:55:42 - JDBC batch size: 25
 INFO [main] cfg.SettingsFactory.[] 四月/27 11:55:42 - JDBC batch updates for versioned data: disabled
 INFO [main] cfg.SettingsFactory.[] 四月/27 11:55:42 - Scrollable result sets: enabled
 INFO [main] cfg.SettingsFactory.[] 四月/27 11:55:42 - JDBC3 getGeneratedKeys(): disabled
 INFO [main] cfg.SettingsFactory.[] 四月/27 11:55:42 - Connection release mode: auto
 INFO [main] cfg.SettingsFactory.[] 四月/27 11:55:42 - Default batch fetch size: 1
 INFO [main] cfg.SettingsFactory.[] 四月/27 11:55:42 - Generate SQL with comments: disabled
 INFO [main] cfg.SettingsFactory.[] 四月/27 11:55:42 - Order SQL updates by primary key: disabled
 INFO [main] cfg.SettingsFactory.[] 四月/27 11:55:42 - Order SQL inserts for batching: disabled
 INFO [main] cfg.SettingsFactory.[] 四月/27 11:55:42 - Query translator: org.hibernate.hql.ast.ASTQueryTranslatorFactory
 INFO [main] ast.ASTQueryTranslatorFactory.[] 四月/27 11:55:42 - Using ASTQueryTranslatorFactory
 INFO [main] cfg.SettingsFactory.[] 四月/27 11:55:42 - Query language substitutions: {}
 INFO [main] cfg.SettingsFactory.[] 四月/27 11:55:42 - JPA-QL strict compliance: enabled
 INFO [main] cfg.SettingsFactory.[] 四月/27 11:55:42 - Second-level cache: enabled
 INFO [main] cfg.SettingsFactory.[] 四月/27 11:55:42 - Query cache: enabled
 INFO [main] cfg.SettingsFactory.[] 四月/27 11:55:42 - Cache provider: org.jasig.portal.spring.orm.jpa.LocalCacheProviderProxy
 INFO [main] cfg.SettingsFactory.[] 四月/27 11:55:42 - Optimize cache for minimal puts: disabled
 INFO [main] cfg.SettingsFactory.[] 四月/27 11:55:42 - Cache region prefix: PortalStats
 INFO [main] cfg.SettingsFactory.[] 四月/27 11:55:42 - Structured second-level cache entries: disabled
 INFO [main] cfg.SettingsFactory.[] 四月/27 11:55:42 - Query cache factory: org.hibernate.cache.StandardQueryCacheFactory
 INFO [main] cfg.SettingsFactory.[] 四月/27 11:55:42 - Statistics: enabled
 INFO [main] cfg.SettingsFactory.[] 四月/27 11:55:42 - Deleted entity synthetic identifier rollback: disabled
 INFO [main] cfg.SettingsFactory.[] 四月/27 11:55:42 - Default entity-mode: pojo
 INFO [main] cfg.SettingsFactory.[] 四月/27 11:55:42 - Named query checking : enabled
 INFO [main] impl.SessionFactoryImpl.[] 四月/27 11:55:42 - building session factory
 INFO [main] tuple.PojoInstantiator.[] 四月/27 11:55:42 - no default (no-argument) constructor for class: org.jasig.portal.events.support.UserMovedFolderInLayoutPortalEvent (class must be instantiated by Interceptor)
 INFO [main] tuple.PojoInstantiator.[] 四月/27 11:55:42 - no default (no-argument) constructor for class: org.jasig.portal.events.support.ChannelInstanciatedInLayoutPortalEvent (class must be instantiated by Interceptor)
 INFO [main] tuple.PojoInstantiator.[] 四月/27 11:55:42 - no default (no-argument) constructor for class: org.jasig.portal.events.support.UserUpdatedFolderInLayoutPortalEvent (class must be instantiated by Interceptor)
 INFO [main] tuple.PojoInstantiator.[] 四月/27 11:55:42 - no default (no-argument) constructor for class: org.jasig.portal.events.support.UserAddedFolderToLayoutPortalEvent (class must be instantiated by Interceptor)
 INFO [main] tuple.PojoInstantiator.[] 四月/27 11:55:42 - no default (no-argument) constructor for class: org.jasig.portal.events.support.ModifiedChannelDefinitionPortalEvent (class must be instantiated by Interceptor)
 INFO [main] tuple.PojoInstantiator.[] 四月/27 11:55:42 - no default (no-argument) constructor for class: org.jasig.portal.events.support.UserLoggedOutPortalEvent (class must be instantiated by Interceptor)
 INFO [main] tuple.PojoInstantiator.[] 四月/27 11:55:42 - no default (no-argument) constructor for class: org.jasig.portal.events.support.PortletActionInLayoutPortalEvent (class must be instantiated by Interceptor)
 INFO [main] tuple.PojoInstantiator.[] 四月/27 11:55:42 - no default (no-argument) constructor for class: org.jasig.portal.events.support.PageRenderTimePortalEvent (class must be instantiated by Interceptor)
 INFO [main] tuple.PojoInstantiator.[] 四月/27 11:55:42 - no default (no-argument) constructor for class: org.jasig.portal.events.support.RemovedChannelDefinitionPortalEvent (class must be instantiated by Interceptor)
 INFO [main] tuple.PojoInstantiator.[] 四月/27 11:55:42 - no default (no-argument) constructor for class: org.jasig.portal.events.support.ChannelTargetedInLayoutPortalEvent (class must be instantiated by Interceptor)
 INFO [main] tuple.PojoInstantiator.[] 四月/27 11:55:42 - no default (no-argument) constructor for class: org.jasig.portal.events.support.ChannelRemovedFromLayoutPortalEvent (class must be instantiated by Interceptor)
 INFO [main] tuple.PojoInstantiator.[] 四月/27 11:55:42 - no default (no-argument) constructor for class: org.jasig.portal.events.support.PublishedChannelDefinitionPortalEvent (class must be instantiated by Interceptor)
 INFO [main] tuple.PojoInstantiator.[] 四月/27 11:55:42 - no default (no-argument) constructor for class: org.jasig.portal.events.support.UserLoggedInPortalEvent (class must be instantiated by Interceptor)
 INFO [main] tuple.PojoInstantiator.[] 四月/27 11:55:42 - no default (no-argument) constructor for class: org.jasig.portal.events.support.ChannelMovedInLayoutPortalEvent (class must be instantiated by Interceptor)
 INFO [main] tuple.PojoInstantiator.[] 四月/27 11:55:42 - no default (no-argument) constructor for class: org.jasig.portal.events.support.ChannelUpdatedInLayoutPortalEvent (class must be instantiated by Interceptor)
 INFO [main] tuple.PojoInstantiator.[] 四月/27 11:55:42 - no default (no-argument) constructor for class: org.jasig.portal.events.support.ChannelRenderedInLayoutPortalEvent (class must be instantiated by Interceptor)
 INFO [main] tuple.PojoInstantiator.[] 四月/27 11:55:42 - no default (no-argument) constructor for class: org.jasig.portal.events.support.UserSessionCreatedPortalEvent (class must be instantiated by Interceptor)
 INFO [main] tuple.PojoInstantiator.[] 四月/27 11:55:42 - no default (no-argument) constructor for class: org.jasig.portal.events.support.UserSessionDestroyedPortalEvent (class must be instantiated by Interceptor)
 INFO [main] tuple.PojoInstantiator.[] 四月/27 11:55:42 - no default (no-argument) constructor for class: org.jasig.portal.events.support.UserRemovedFolderFromLayoutPortalEvent (class must be instantiated by Interceptor)
 INFO [main] tuple.PojoInstantiator.[] 四月/27 11:55:42 - no default (no-argument) constructor for class: org.jasig.portal.events.support.ChannelAddedToLayoutPortalEvent (class must be instantiated by Interceptor)
 INFO [main] impl.SessionFactoryObjectFactory.[] 四月/27 11:55:42 - Not binding factory to JNDI, no JNDI name configured
 INFO [main] cache.UpdateTimestampsCache.[] 四月/27 11:55:42 - starting update timestamps cache at region: PortalStats.org.hibernate.cache.UpdateTimestampsCache
 INFO [main] cache.StandardQueryCache.[] 四月/27 11:55:42 - starting query cache at region: PortalStats.org.hibernate.cache.StandardQueryCache
 INFO [main] support.DefaultListableBeanFactory.[] 四月/27 11:55:42 - Pre-instantiating singletons in org.springframework.beans.factory.support.DefaultListableBeanFactory@2371c0: defining beans [throwableToElement,portalPropertyEditorRegistrar,org.springframework.beans.factory.config.CustomEditorConfigurer#0,org.springframework.beans.factory.config.CustomScopeConfigurer#0,propertiesPlacholder,org.springframework.beans.factory.annotation.RequiredAnnotationBeanPostProcessor#0,uportal-academus-facade-invoking-bean,entityCachingService,cacheFactory,cacheProvider,cacheModelFactory,cacheProviderFacade,cacheManager,layoutCachingService,org.jasig.portal.utils.ResourceLoader#0,pageCachingFilter,channelRegistryStore,initializingCheckRunning,checkRunner,PortalDb,PortalDb.JNDI,PortalDb.direct,PortalDB.metadata,portletUrlFlowHelper,personLookupHelper,personQueryValidator,attributeSwapperHelper,attributeSwapRequestValidator,identitySwapperHelper,portalRegistrationHelper,portalDataCollator,portalDataSubmitter,flowExecutor,org.springframework.binding.convert.service.DefaultConversionService#0,org.springframework.webflow.expression.DefaultExpressionParserFactory#0,org.springframework.webflow.mvc.builder.MvcViewFactoryCreator#0,org.springframework.webflow.engine.builder.support.FlowBuilderServices#0,flowRegistry,portletEntityPreferenceHandler,mbeanServer,jmxAdapter,mbeanInfoAssembler,hibernateStatisticsMBean,portalFrameworkMBean,org.springframework.beans.factory.config.MethodInvokingFactoryBean#0,jndiManager,org.jasig.portal.jndi.DisposableMemoryContextFactory#0,dlmConfigurationLoader,dlmProcessingPipe,defaultLdapServer,defaultLdapContext,org.jasig.portal.spring.locator.XalanAuthorizationHelperLocator,org.jasig.portal.spring.locator.XalanGroupMembershipHelperLocator,org.jasig.portal.spring.locator.JndiManagerLocator,org.jasig.portal.spring.locator.ChannelRequestParameterManagerLocator,org.jasig.portal.spring.locator.ChannelRegistryStoreLocator,org.jasig.portal.spring.locator.JpaInterceptorLocator,org.jasig.portal.spring.locator.UserInstanceManagerLocator,org.jasig.portal.spring.locator.RequestParameterProcessorControllerLocator,org.jasig.portal.spring.locator.PersonManagerLocator,org.jasig.portal.spring.locator.PortalRenderingPipelineLocator,org.jasig.portal.spring.locator.PortalDbLocator,org.jasig.portal.spring.locator.PortalDbMetadataLocator,org.jasig.portal.spring.locator.CarResourcesLocator,org.jasig.portal.spring.locator.DbLoaderLocator,org.jasig.portal.spring.locator.OptionalContainerServicesLocator,org.jasig.portal.spring.locator.PortletDefinitionRegistryLocator,org.jasig.portal.spring.locator.ThrowableToElementLocator,org.jasig.portal.spring.locator.ProcessingPipeLocator,org.jasig.portal.spring.locator.ConfigurationLoaderLocator,org.jasig.portal.spring.locator.EntityCachingServiceLocator,org.jasig.portal.spring.locator.PersonAttributeDaoLocator,org.jasig.portal.spring.locator.CounterStoreLocator,org.jasig.portal.spring.locator.CacheFactoryLocator,messageSource,jspViewResolver,portletDefinitionDao,portletEntityDao,jpaPortletEntityDao,counterStore,org.springframework.aop.config.internalAutoProxyCreator,jpaDaoExecution,daoExecution,org.springframework.aop.support.DefaultBeanFactoryPointcutAdvisor#0,org.springframework.aop.aspectj.AspectJPointcutAdvisor#0,org.springframework.aop.aspectj.AspectJPointcutAdvisor#1,threadContextClassLoaderAspect,sqlNextExceptionLoggerAspect,entityManagerFactory,jpaVendorAdapter,jpaInterceptor,transactionManager,org.springframework.transaction.annotation.AnnotationTransactionAttributeSource#0,org.springframework.transaction.interceptor.TransactionInterceptor#0,org.springframework.transaction.config.internalTransactionAdvisor,org.springframework.orm.jpa.support.PersistenceAnnotationBeanPostProcessor#0,dbLoader,portalDbHibernateExport,usernameAttributeProvider,personAttributeDao,scopedTarget.sessionAttributesOverridesMap,sessionAttributesOverridesMap,cachingMergedPersonAttributeDao,cachinguPortalJdbcUserSource,cachinguPortalJdbcAttributeSource,userAttributeCacheKeyGenerator,cachinguPortalLdapAttributeSource,org.jasig.portal.user.UserAttributesCacheCleaner#0,portletContainer,requiredContainerServices,optionalContainerServices,portalContext,portalCallbackService,requestPropertiesManager,userInfoService,personDirectoryUserInfoService,casTicketUserInfoService,cachedPasswordUserInfoService,portalAdministrationService,portletPreferencesService,portletUrlSyntaxProvider,portletSessionActionManager,portletSessionExpirationManager,portletEnvironmentService,portletWindowRegistry,portletEntityRegistry,portletDefinitionRegistry,portletChannel,portalRenderingPipeline,portalRequestUtils,requestParameterProcessorController,userLayoutParameterProcessor,portletRequestParameterProcessor,channelRequestParameterProcessor,channelRequestParameterManager,portletRequestParameterManager,uPortalTaskScheduler,cacheMaintenanceTrigger,dlmFragmentCleanerTrigger,statsQueueFlushingTrigger,xalanAuthorizationHelper,xalanGroupMembershipHelper,maxInactiveFilter,carResources,externalServices,eventListener,portalEventMulticaster,loggingEventHandler,queueingEventHandler,portalEventStore,statsJpaDaoExecution,statsDaoExecution,org.springframework.aop.support.DefaultBeanFactoryPointcutAdvisor#1,org.springframework.aop.aspectj.AspectJPointcutAdvisor#2,org.springframework.aop.aspectj.AspectJPointcutAdvisor#3,statsEntityManagerFactory,statsJpaVendorAdapter,statsTransactionManager,statsTransactionAdvice,statsDbHibernateExport,personManager,userInstanceManager]; root of factory hierarchy
 INFO [main] rdbm.DatabaseMetaDataImpl.[] 四月/27 11:55:43 - Using join test: org.jasig.portal.rdbm.DatabaseMetaDataImpl$OracleDb
 INFO [main] rdbm.DatabaseMetaDataImpl.[] 四月/27 11:55:43 - Oracle (Personal Oracle9i Release 9.2.0.1.0 - Production
With the Partitioning, OLAP and Oracle Data Mining options
JServer Release 9.2.0.1.0 - Production) / Oracle JDBC driver (10.2.0.4.0) database/driver
    Connected To: jdbc:oracle:thin:@10.1.1.185:1521:TEST
    Supports:
        Outer Joins:          true
        {ts metasyntax:       true
        TO_DATE():            false
 INFO [main] support.FailsafeSingletonScope.[] 四月/27 11:55:43 - Creating singleton instance for bean 'scopedTarget.sessionAttributesOverridesMap'
 INFO [main] support.FailsafeSingletonScope.[] 四月/27 11:55:43 - Adding destruction callback singleton for bean 'scopedTarget.sessionAttributesOverridesMap'
 INFO [main] support.FailsafeSingletonScope.[] 四月/27 11:55:43 - Using existing singleton instance for bean 'scopedTarget.sessionAttributesOverridesMap'
 INFO [main] support.FailsafeSingletonScope.[] 四月/27 11:55:43 - Using existing singleton instance for bean 'scopedTarget.sessionAttributesOverridesMap'
 INFO [main] support.FailsafeSingletonScope.[] 四月/27 11:55:43 - Using existing singleton instance for bean 'scopedTarget.sessionAttributesOverridesMap'
 INFO [main] checks.InitializingCheckRunner.[] 四月/27 11:55:43 - Check [Checking system property 'java.specification.version' against '1.5' using OrComparator[{EqualsComparator[],GreaterThanComparator[]}]] succeeded with message [System property 'java.specification.version' passed comparison to '1.5' using OrComparator[{EqualsComparator[],GreaterThanComparator[]}]]
 INFO [main] checks.InitializingCheckRunner.[] 四月/27 11:55:43 - Check [Checks for the presence of class javax.servlet.ServletContext] succeeded with message [Found method  'getContextPath' with arguments [] on class 'javax.servlet.ServletContext']
 INFO [main] checks.InitializingCheckRunner.[] 四月/27 11:55:43 - Check [Checks for the presence of the Spring bean named [personAttributeDao] and that it is an instance of class [org.jasig.services.persondir.IPersonAttributeDao]] succeeded with message [Bean with name [personAttributeDao] was present and of class [org.jasig.services.persondir.IPersonAttributeDao]]
 INFO [main] checks.InitializingCheckRunner.[] 四月/27 11:55:43 - Check [Check that the version of Xalan present is [Xalan Java 2.7.1]] succeeded with message [Xalan version [Xalan Java 2.7.1] is present.]
 INFO [main] checks.InitializingCheckRunner.[] 四月/27 11:55:43 - Check [Checks for the presence of class javax.xml.xpath.XPathConstants] succeeded with message [Successfully touched class javax.xml.xpath.XPathConstants]
 INFO [main] checks.InitializingCheckRunner.[] 四月/27 11:55:43 - Check [Attempts to execute a DOM3 method to verify that DOM3 is present.] succeeded with message [Found method  'normalizeDocument' with arguments [] on class 'org.w3c.dom.Document']
 INFO [main] checks.InitializingCheckRunner.[] 四月/27 11:55:43 - Check [This check reports the date and time at which it is run.] succeeded with message [Check ran at 2009-4-27 11:55:43]
 INFO [main] export.MBeanExporter.[] 四月/27 11:55:44 - Registering beans for JMX exposure on startup
 INFO [main] export.MBeanExporter.[] 四月/27 11:55:44 - Located managed bean 'uPortal:section=Framework,name=Statistics': registering with JMX server as MBean [uPortal:section=Framework,name=Statistics]
 INFO [main] export.MBeanExporter.[] 四月/27 11:55:44 - Located MBean 'uPortal:section=Persistence,name=HibernateStatistics': registering with JMX server as MBean [uPortal:section=Persistence,name=HibernateStatistics]
 INFO [main] export.MBeanExporter.[] 四月/27 11:55:44 - Located managed bean 'uPortal:section=Persistence,name=PortalDB': registering with JMX server as MBean [uPortal:section=Persistence,name=PortalDB]
 INFO [main] properties.PropertiesManager.[] 四月/27 11:55:44 - Property [org.jasig.portal.MediaManager.HTMLPublicId] was requested but not found.
 INFO [main] properties.PropertiesManager.[] 四月/27 11:55:44 - Property [org.jasig.portal.MediaManager.HTMLSystemId] was requested but not found.
 INFO [main] properties.PropertiesManager.[] 四月/27 11:55:44 - Property [org.jasig.portal.MediaManager.XHTMLPublicId] was requested but not found.
 INFO [main] properties.PropertiesManager.[] 四月/27 11:55:44 - Property [org.jasig.portal.MediaManager.XHTMLSystemId] was requested but not found.
 INFO [main] properties.PropertiesManager.[] 四月/27 11:55:44 - Property [org.jasig.portal.MediaManager.WMLPublicId] was requested but not found.
 INFO [main] properties.PropertiesManager.[] 四月/27 11:55:44 - Property [org.jasig.portal.MediaManager.WMLSystemId] was requested but not found.
 INFO [main] properties.PropertiesManager.[] 四月/27 11:55:44 - Property [org.jasig.portal.car.CarResources.directory] was requested but not found.
 INFO [main] car.CarResources.[] 四月/27 11:55:44 - CAR directory property 'org.jasig.portal.car.CarResources.directory' not specified. Defaulting to well-known directory '/WEB-INF/cars'.
 INFO [main] car.CarResources.[] 四月/27 11:55:44 - Channel Archives can not be  loaded. CAR directory 'D:\ProgramFiles\Program\Tomcat6\webapps\uPortal\WEB-INF\cars' does not exist.
 INFO [main] dialect.Dialect.[] 四月/27 11:55:44 - Using dialect: org.hibernate.dialect.Oracle10gDialect
 INFO [main] core.SchedulerSignalerImpl.[] 四月/27 11:55:45 - Initialized Scheduler Signaller of type: class org.quartz.core.SchedulerSignalerImpl
 INFO [main] core.QuartzScheduler.[] 四月/27 11:55:45 - Quartz Scheduler v.1.6.1 created.
 INFO [main] simpl.RAMJobStore.[] 四月/27 11:55:45 - RAMJobStore initialized.
 INFO [main] impl.StdSchedulerFactory.[] 四月/27 11:55:45 - Quartz scheduler 'uPortalTaskScheduler' initialized from an externally provided properties instance.
 INFO [main] impl.StdSchedulerFactory.[] 四月/27 11:55:45 - Quartz scheduler version: 1.6.1
 INFO [main] core.QuartzScheduler.[] 四月/27 11:55:45 - JobFactory set to: org.springframework.scheduling.quartz.AdaptableJobFactory@5d2406
 INFO [main] quartz.SchedulerFactoryBean.[] 四月/27 11:55:45 - Will start Quartz Scheduler [uPortalTaskScheduler] in 30 seconds
 INFO [main] context.ContextLoader.[] 四月/27 11:55:45 - Root WebApplicationContext: initialization completed in 8843 ms
 INFO [main] portlet.DispatcherPortlet.[] 四月/27 11:55:45 - Initializing portlet 'IdentitySwapperPortlet'
 INFO [main] portlet.DispatcherPortlet.[] 四月/27 11:55:45 - FrameworkPortlet 'IdentitySwapperPortlet': initialization started
 INFO [main] context.XmlPortletApplicationContext.[] 四月/27 11:55:45 - Refreshing org.springframework.web.portlet.context.XmlPortletApplicationContext@167ed25: display name [PortletApplicationContext for namespace 'IdentitySwapperPortlet-portlet']; startup date [Mon Apr 27 11:55:45 CST 2009]; parent: org.springframework.web.context.support.XmlWebApplicationContext@1dab039
 INFO [main] xml.XmlBeanDefinitionReader.[] 四月/27 11:55:45 - Loading XML bean definitions from class path resource [properties/contexts/portlet/identitySwapperContext.xml]
 INFO [main] context.XmlPortletApplicationContext.[] 四月/27 11:55:45 - Bean factory for application context [org.springframework.web.portlet.context.XmlPortletApplicationContext@167ed25]: org.springframework.beans.factory.support.DefaultListableBeanFactory@1fabad8
 INFO [main] support.DefaultListableBeanFactory.[] 四月/27 11:55:45 - Pre-instantiating singletons in org.springframework.beans.factory.support.DefaultListableBeanFactory@1fabad8: defining beans [org.springframework.webflow.mvc.portlet.FlowHandlerAdapter#0,portletModeHandlerMapping]; parent: org.springframework.beans.factory.support.DefaultListableBeanFactory@2371c0
 INFO [main] portlet.DispatcherPortlet.[] 四月/27 11:55:45 - FrameworkPortlet 'IdentitySwapperPortlet': initialization completed in 80 ms
 INFO [main] portlet.DispatcherPortlet.[] 四月/27 11:55:45 - Portlet 'IdentitySwapperPortlet' configured successfully
 INFO [main] portlet.DispatcherPortlet.[] 四月/27 11:55:45 - Initializing portlet 'RegisterPortalPortlet'
 INFO [main] portlet.DispatcherPortlet.[] 四月/27 11:55:45 - FrameworkPortlet 'RegisterPortalPortlet': initialization started
 INFO [main] context.XmlPortletApplicationContext.[] 四月/27 11:55:45 - Refreshing org.springframework.web.portlet.context.XmlPortletApplicationContext@e2a66a: display name [PortletApplicationContext for namespace 'RegisterPortalPortlet-portlet']; startup date [Mon Apr 27 11:55:45 CST 2009]; parent: org.springframework.web.context.support.XmlWebApplicationContext@1dab039
 INFO [main] xml.XmlBeanDefinitionReader.[] 四月/27 11:55:45 - Loading XML bean definitions from class path resource [properties/contexts/portlet/registerPortalContext.xml]
 INFO [main] context.XmlPortletApplicationContext.[] 四月/27 11:55:45 - Bean factory for application context [org.springframework.web.portlet.context.XmlPortletApplicationContext@e2a66a]: org.springframework.beans.factory.support.DefaultListableBeanFactory@1f2b382
 INFO [main] support.DefaultListableBeanFactory.[] 四月/27 11:55:45 - Pre-instantiating singletons in org.springframework.beans.factory.support.DefaultListableBeanFactory@1f2b382: defining beans [org.springframework.webflow.mvc.portlet.FlowHandlerAdapter#0,portletModeHandlerMapping]; parent: org.springframework.beans.factory.support.DefaultListableBeanFactory@2371c0
 INFO [main] portlet.DispatcherPortlet.[] 四月/27 11:55:45 - FrameworkPortlet 'RegisterPortalPortlet': initialization completed in 30 ms
 INFO [main] portlet.DispatcherPortlet.[] 四月/27 11:55:45 - Portlet 'RegisterPortalPortlet' configured successfully
 INFO [main] support.FileSystemXmlApplicationContext.[] 四月/27 11:55:45 - Refreshing org.springframework.context.support.FileSystemXmlApplicationContext@21be6: display name [org.springframework.context.support.FileSystemXmlApplicationContext@21be6]; startup date [Mon Apr 27 11:55:45 CST 2009]; root of context hierarchy
 INFO [main] xml.XmlBeanDefinitionReader.[] 四月/27 11:55:45 - Loading XML bean definitions from URL [jndi:/localhost/uPortal/WEB-INF/classes/properties/contexts/portlet/FragmentAdministration-portlet.xml]
 INFO [main] support.FileSystemXmlApplicationContext.[] 四月/27 11:55:45 - Bean factory for application context [org.springframework.context.support.FileSystemXmlApplicationContext@21be6]: org.springframework.beans.factory.support.DefaultListableBeanFactory@75b3b6
 INFO [main] support.DefaultListableBeanFactory.[] 四月/27 11:55:45 - Pre-instantiating singletons in org.springframework.beans.factory.support.DefaultListableBeanFactory@75b3b6: defining beans [settings]; root of factory hierarchy
 INFO [main] support.FileSystemXmlApplicationContext.[] 四月/27 11:55:45 - Refreshing org.springframework.context.support.FileSystemXmlApplicationContext@8eaf0a: display name [org.springframework.context.support.FileSystemXmlApplicationContext@8eaf0a]; startup date [Mon Apr 27 11:55:45 CST 2009]; root of context hierarchy
 INFO [main] xml.XmlBeanDefinitionReader.[] 四月/27 11:55:45 - Loading XML bean definitions from URL [jndi:/localhost/uPortal/WEB-INF/classes/properties/contexts/portlet/ExitFragmentAdministration-portlet.xml]
 INFO [main] support.FileSystemXmlApplicationContext.[] 四月/27 11:55:45 - Bean factory for application context [org.springframework.context.support.FileSystemXmlApplicationContext@8eaf0a]: org.springframework.beans.factory.support.DefaultListableBeanFactory@185c517
 INFO [main] support.DefaultListableBeanFactory.[] 四月/27 11:55:45 - Pre-instantiating singletons in org.springframework.beans.factory.support.DefaultListableBeanFactory@185c517: defining beans [settings]; root of factory hierarchy
 INFO [main] portal.PortalSessionManager.[] 四月/27 11:55:45 - uPortal started
 INFO [main] portlet.DispatcherPortlet.[] 四月/27 11:55:45 - Initializing portlet 'AttributeSwapperPortlet'
 INFO [main] portlet.DispatcherPortlet.[] 四月/27 11:55:45 - FrameworkPortlet 'AttributeSwapperPortlet': initialization started
 INFO [main] context.XmlPortletApplicationContext.[] 四月/27 11:55:45 - Refreshing org.springframework.web.portlet.context.XmlPortletApplicationContext@839907: display name [PortletApplicationContext for namespace 'AttributeSwapperPortlet-portlet']; startup date [Mon Apr 27 11:55:45 CST 2009]; parent: org.springframework.web.context.support.XmlWebApplicationContext@1dab039
 INFO [main] xml.XmlBeanDefinitionReader.[] 四月/27 11:55:45 - Loading XML bean definitions from class path resource [properties/contexts/portlet/attributeSwapperContext.xml]
 INFO [main] context.XmlPortletApplicationContext.[] 四月/27 11:55:45 - Bean factory for application context [org.springframework.web.portlet.context.XmlPortletApplicationContext@839907]: org.springframework.beans.factory.support.DefaultListableBeanFactory@14b5e6d
 INFO [main] support.DefaultListableBeanFactory.[] 四月/27 11:55:45 - Pre-instantiating singletons in org.springframework.beans.factory.support.DefaultListableBeanFactory@14b5e6d: defining beans [org.springframework.webflow.mvc.portlet.FlowHandlerAdapter#0,portletModeHandlerMapping]; parent: org.springframework.beans.factory.support.DefaultListableBeanFactory@2371c0
 INFO [main] portlet.DispatcherPortlet.[] 四月/27 11:55:45 - FrameworkPortlet 'AttributeSwapperPortlet': initialization completed in 20 ms
 INFO [main] portlet.DispatcherPortlet.[] 四月/27 11:55:45 - Portlet 'AttributeSwapperPortlet' configured successfully
 INFO [main] support.FileSystemXmlApplicationContext.[] 四月/27 11:55:45 - Refreshing org.springframework.context.support.FileSystemXmlApplicationContext@1536558: display name [org.springframework.context.support.FileSystemXmlApplicationContext@1536558]; startup date [Mon Apr 27 11:55:45 CST 2009]; root of context hierarchy
 INFO [main] xml.XmlBeanDefinitionReader.[] 四月/27 11:55:45 - Loading XML bean definitions from URL [jndi:/localhost/uPortal/WEB-INF/classes/properties/contexts/portlet/ImportExportPortlet-portlet.xml]
 INFO [main] support.FileSystemXmlApplicationContext.[] 四月/27 11:55:45 - Bean factory for application context [org.springframework.context.support.FileSystemXmlApplicationContext@1536558]: org.springframework.beans.factory.support.DefaultListableBeanFactory@228ba7
 INFO [main] support.DefaultListableBeanFactory.[] 四月/27 11:55:45 - Pre-instantiating singletons in org.springframework.beans.factory.support.DefaultListableBeanFactory@228ba7: defining beans [settings]; root of factory hierarchy
 INFO [Quartz Scheduler [uPortalTaskScheduler]] quartz.SchedulerFactoryBean.[] 四月/27 11:56:15 - Starting Quartz Scheduler now, after delay of 30 seconds
 INFO [Quartz Scheduler [uPortalTaskScheduler]] core.QuartzScheduler.[] 四月/27 11:56:15 - Scheduler uPortalTaskScheduler_$_NON_CLUSTERED started.
 INFO [uPortalTaskScheduler_Worker-4] dlm.RDBMDistributedLayoutStore.[] 四月/27 12:05:45 - Found user id 12 for the 'system' user.
 INFO [uPortalTaskScheduler_Worker-4] dlm.LegacyConfigurationLoader.[] 四月/27 12:05:45 - 

DLM loaded fragment definition '欢迎' owned by 'welcome-lo' with precedence 80.0 with audiences defined
 INFO [uPortalTaskScheduler_Worker-4] groups.GroupServiceConfiguration.[] 四月/27 12:05:45 - Parsing group service configuration.
 INFO [uPortalTaskScheduler_Worker-4] groups.RDBMEntityGroupStore.[] 四月/27 12:05:45 - RDBMEntityGroupStore.initialize(): Node separator set to .
 INFO [uPortalTaskScheduler_Worker-4] support.FileSystemXmlApplicationContext.[] 四月/27 12:05:45 - Refreshing org.springframework.context.support.FileSystemXmlApplicationContext@f4388b: display name [org.springframework.context.support.FileSystemXmlApplicationContext@f4388b]; startup date [Mon Apr 27 12:05:45 CST 2009]; root of context hierarchy
 INFO [uPortalTaskScheduler_Worker-4] xml.XmlBeanDefinitionReader.[] 四月/27 12:05:45 - Loading XML bean definitions from URL [file:/D:/ProgramFiles/Program/Tomcat6/webapps/uPortal/WEB-INF/classes/properties/groups/SmartLdapGroupStoreConfig.xml]
 INFO [uPortalTaskScheduler_Worker-4] support.FileSystemXmlApplicationContext.[] 四月/27 12:05:45 - Bean factory for application context [org.springframework.context.support.FileSystemXmlApplicationContext@f4388b]: org.springframework.beans.factory.support.DefaultListableBeanFactory@1ac5211
 INFO [uPortalTaskScheduler_Worker-4] support.DefaultListableBeanFactory.[] 四月/27 12:05:45 - Pre-instantiating singletons in org.springframework.beans.factory.support.DefaultListableBeanFactory@1ac5211: defining beans [ldapContext,baseDn,filter,memberOfAttributeName,attributesMapper]; root of factory hierarchy
 INFO [uPortalTaskScheduler_Worker-4] runtime.ScriptRunner.[] 四月/27 12:05:45 - 
**************************************************
** Invoking ScriptRunner.run(Task, TaskRequest)
** TaskRequest contains 8 elements
**   - Attributes.CACHE={}
**   - Attributes.ORIGIN=file:/D:/ProgramFiles/Program/Tomcat6/webapps/uPortal/WEB-INF/classes/org/jasig/portal/groups/smartldap/init.crn
**   - GROUPS=[]
**   - attributesMapper=org.jasig.portal.groups.smartldap.SimpleAttributesMapper@107a53f
**   - baseDn=ou=Groups, dc=example, dc=com
**   - filter=(objectClass=groupOfUniqueNames)
**   - ldapContext=org.springframework.ldap.core.support.LdapContextSource@f1d3d5
**   - memberOfAttributeName=o
**************************************************

 INFO [uPortalTaskScheduler_Worker-4] script.ScriptEvaluator.[] 四月/27 12:05:45 - Loaded 'javax.script.Compilable', assuming JDK6 and compilable script support
 INFO [uPortalTaskScheduler_Worker-4] smartldap.SimpleAttributesMapper.[] 四月/27 12:05:46 - SimpleAttributesMapper.mapFromAttributes() :: settings:  keyAttributeName='cn', groupNameAttributeName='cn', groupNameAttributeName='cn'
 INFO [uPortalTaskScheduler_Worker-4] smartldap.SimpleAttributesMapper.[] 四月/27 12:05:46 - SimpleAttributesMapper.mapFromAttributes() :: settings:  keyAttributeName='cn', groupNameAttributeName='cn', groupNameAttributeName='cn'
 INFO [uPortalTaskScheduler_Worker-4] smartldap.SimpleAttributesMapper.[] 四月/27 12:05:46 - SimpleAttributesMapper.mapFromAttributes() :: settings:  keyAttributeName='cn', groupNameAttributeName='cn', groupNameAttributeName='cn'
 INFO [uPortalTaskScheduler_Worker-4] smartldap.SimpleAttributesMapper.[] 四月/27 12:05:46 - SimpleAttributesMapper.mapFromAttributes() :: settings:  keyAttributeName='cn', groupNameAttributeName='cn', groupNameAttributeName='cn'
 INFO [uPortalTaskScheduler_Worker-4] smartldap.SimpleAttributesMapper.[] 四月/27 12:05:46 - SimpleAttributesMapper.mapFromAttributes() :: settings:  keyAttributeName='cn', groupNameAttributeName='cn', groupNameAttributeName='cn'
 INFO [uPortalTaskScheduler_Worker-4] smartldap.init.[] 四月/27 12:05:46 - SmartLdap adding record for group:  superUsers
 INFO [uPortalTaskScheduler_Worker-4] smartldap.init.[] 四月/27 12:05:46 - SmartLdap adding record for group:  userAdmins
 INFO [uPortalTaskScheduler_Worker-4] smartldap.init.[] 四月/27 12:05:46 - SmartLdap adding record for group:  Supervisor
 INFO [uPortalTaskScheduler_Worker-4] smartldap.init.[] 四月/27 12:05:46 - SmartLdap adding record for group:  SupervisorA
 INFO [uPortalTaskScheduler_Worker-4] smartldap.init.[] 四月/27 12:05:46 - SmartLdap adding record for group:  SupervisorB
 INFO [uPortalTaskScheduler_Worker-4] smartldap.SmartLdapGroupStore.[] 四月/27 12:05:46 - init() found 5 records.
 INFO [uPortalTaskScheduler_Worker-4] smartldap.SmartLdapGroupStore.[] 四月/27 12:05:46 - init() :: final size of each collection is as follows...
	groups=6
	parents=5
	children=6
	keysByUpperCaseName=6
 INFO [uPortalTaskScheduler_Worker-4] dlm.LegacyConfigurationLoader.[] 四月/27 12:05:46 - 

DLM loaded fragment definition '新闻' owned by 'news-lo' with precedence 60.0 with audiences defined
 INFO [uPortalTaskScheduler_Worker-4] dlm.LegacyConfigurationLoader.[] 四月/27 12:05:46 - 

DLM loaded fragment definition '游客' owned by 'guest-lo' with precedence 20.0 with audiences defined
 INFO [uPortalTaskScheduler_Worker-4] dlm.LegacyConfigurationLoader.[] 四月/27 12:05:46 - 

DLM loaded fragment definition '娱乐' owned by 'ent-lo' with precedence 10.0 with audiences defined
 INFO [uPortalTaskScheduler_Worker-4] layout.UserLayoutStoreFactory.[] 四月/27 12:05:46 - Instantiated and stored singleton IUserLayoutStore of type org.jasig.portal.layout.dlm.RDBMDistributedLayoutStore
 INFO [Thread-13] context.XmlPortletApplicationContext.[] 四月/27 12:21:03 - Closing org.springframework.web.portlet.context.XmlPortletApplicationContext@167ed25: display name [PortletApplicationContext for namespace 'IdentitySwapperPortlet-portlet']; startup date [Mon Apr 27 11:55:45 CST 2009]; parent: org.springframework.web.context.support.XmlWebApplicationContext@1dab039
 INFO [Thread-13] support.DefaultListableBeanFactory.[] 四月/27 12:21:03 - Destroying singletons in org.springframework.beans.factory.support.DefaultListableBeanFactory@1fabad8: defining beans [org.springframework.webflow.mvc.portlet.FlowHandlerAdapter#0,portletModeHandlerMapping]; parent: org.springframework.beans.factory.support.DefaultListableBeanFactory@2371c0
 INFO [Thread-13] context.XmlPortletApplicationContext.[] 四月/27 12:21:03 - Closing org.springframework.web.portlet.context.XmlPortletApplicationContext@e2a66a: display name [PortletApplicationContext for namespace 'RegisterPortalPortlet-portlet']; startup date [Mon Apr 27 11:55:45 CST 2009]; parent: org.springframework.web.context.support.XmlWebApplicationContext@1dab039
 INFO [Thread-13] support.DefaultListableBeanFactory.[] 四月/27 12:21:03 - Destroying singletons in org.springframework.beans.factory.support.DefaultListableBeanFactory@1f2b382: defining beans [org.springframework.webflow.mvc.portlet.FlowHandlerAdapter#0,portletModeHandlerMapping]; parent: org.springframework.beans.factory.support.DefaultListableBeanFactory@2371c0
 INFO [Thread-13] portal.PortalSessionManager.[] 四月/27 12:21:03 - uPortal stopped
 INFO [Thread-13] context.XmlPortletApplicationContext.[] 四月/27 12:21:03 - Closing org.springframework.web.portlet.context.XmlPortletApplicationContext@839907: display name [PortletApplicationContext for namespace 'AttributeSwapperPortlet-portlet']; startup date [Mon Apr 27 11:55:45 CST 2009]; parent: org.springframework.web.context.support.XmlWebApplicationContext@1dab039
 INFO [Thread-13] support.DefaultListableBeanFactory.[] 四月/27 12:21:03 - Destroying singletons in org.springframework.beans.factory.support.DefaultListableBeanFactory@14b5e6d: defining beans [org.springframework.webflow.mvc.portlet.FlowHandlerAdapter#0,portletModeHandlerMapping]; parent: org.springframework.beans.factory.support.DefaultListableBeanFactory@2371c0
 INFO [Thread-13] support.XmlWebApplicationContext.[] 四月/27 12:21:03 - Closing org.springframework.web.context.support.XmlWebApplicationContext@1dab039: display name [Root WebApplicationContext]; startup date [Mon Apr 27 11:55:36 CST 2009]; root of context hierarchy
 INFO [Thread-13] core.QuartzScheduler.[] 四月/27 12:21:03 - Scheduler uPortalTaskScheduler_$_NON_CLUSTERED paused.
 INFO [Thread-13] support.DefaultListableBeanFactory.[] 四月/27 12:21:03 - Destroying singletons in org.springframework.beans.factory.support.DefaultListableBeanFactory@2371c0: defining beans [throwableToElement,portalPropertyEditorRegistrar,org.springframework.beans.factory.config.CustomEditorConfigurer#0,org.springframework.beans.factory.config.CustomScopeConfigurer#0,propertiesPlacholder,org.springframework.beans.factory.annotation.RequiredAnnotationBeanPostProcessor#0,uportal-academus-facade-invoking-bean,entityCachingService,cacheFactory,cacheProvider,cacheModelFactory,cacheProviderFacade,cacheManager,layoutCachingService,org.jasig.portal.utils.ResourceLoader#0,pageCachingFilter,channelRegistryStore,initializingCheckRunning,checkRunner,PortalDb,PortalDb.JNDI,PortalDb.direct,PortalDB.metadata,portletUrlFlowHelper,personLookupHelper,personQueryValidator,attributeSwapperHelper,attributeSwapRequestValidator,identitySwapperHelper,portalRegistrationHelper,portalDataCollator,portalDataSubmitter,flowExecutor,org.springframework.binding.convert.service.DefaultConversionService#0,org.springframework.webflow.expression.DefaultExpressionParserFactory#0,org.springframework.webflow.mvc.builder.MvcViewFactoryCreator#0,org.springframework.webflow.engine.builder.support.FlowBuilderServices#0,flowRegistry,portletEntityPreferenceHandler,mbeanServer,jmxAdapter,mbeanInfoAssembler,hibernateStatisticsMBean,portalFrameworkMBean,org.springframework.beans.factory.config.MethodInvokingFactoryBean#0,jndiManager,org.jasig.portal.jndi.DisposableMemoryContextFactory#0,dlmConfigurationLoader,dlmProcessingPipe,defaultLdapServer,defaultLdapContext,org.jasig.portal.spring.locator.XalanAuthorizationHelperLocator,org.jasig.portal.spring.locator.XalanGroupMembershipHelperLocator,org.jasig.portal.spring.locator.JndiManagerLocator,org.jasig.portal.spring.locator.ChannelRequestParameterManagerLocator,org.jasig.portal.spring.locator.ChannelRegistryStoreLocator,org.jasig.portal.spring.locator.JpaInterceptorLocator,org.jasig.portal.spring.locator.UserInstanceManagerLocator,org.jasig.portal.spring.locator.RequestParameterProcessorControllerLocator,org.jasig.portal.spring.locator.PersonManagerLocator,org.jasig.portal.spring.locator.PortalRenderingPipelineLocator,org.jasig.portal.spring.locator.PortalDbLocator,org.jasig.portal.spring.locator.PortalDbMetadataLocator,org.jasig.portal.spring.locator.CarResourcesLocator,org.jasig.portal.spring.locator.DbLoaderLocator,org.jasig.portal.spring.locator.OptionalContainerServicesLocator,org.jasig.portal.spring.locator.PortletDefinitionRegistryLocator,org.jasig.portal.spring.locator.ThrowableToElementLocator,org.jasig.portal.spring.locator.ProcessingPipeLocator,org.jasig.portal.spring.locator.ConfigurationLoaderLocator,org.jasig.portal.spring.locator.EntityCachingServiceLocator,org.jasig.portal.spring.locator.PersonAttributeDaoLocator,org.jasig.portal.spring.locator.CounterStoreLocator,org.jasig.portal.spring.locator.CacheFactoryLocator,messageSource,jspViewResolver,portletDefinitionDao,portletEntityDao,jpaPortletEntityDao,counterStore,org.springframework.aop.config.internalAutoProxyCreator,jpaDaoExecution,daoExecution,org.springframework.aop.support.DefaultBeanFactoryPointcutAdvisor#0,org.springframework.aop.aspectj.AspectJPointcutAdvisor#0,org.springframework.aop.aspectj.AspectJPointcutAdvisor#1,threadContextClassLoaderAspect,sqlNextExceptionLoggerAspect,entityManagerFactory,jpaVendorAdapter,jpaInterceptor,transactionManager,org.springframework.transaction.annotation.AnnotationTransactionAttributeSource#0,org.springframework.transaction.interceptor.TransactionInterceptor#0,org.springframework.transaction.config.internalTransactionAdvisor,org.springframework.orm.jpa.support.PersistenceAnnotationBeanPostProcessor#0,dbLoader,portalDbHibernateExport,usernameAttributeProvider,personAttributeDao,scopedTarget.sessionAttributesOverridesMap,sessionAttributesOverridesMap,cachingMergedPersonAttributeDao,cachinguPortalJdbcUserSource,cachinguPortalJdbcAttributeSource,userAttributeCacheKeyGenerator,cachinguPortalLdapAttributeSource,org.jasig.portal.user.UserAttributesCacheCleaner#0,portletContainer,requiredContainerServices,optionalContainerServices,portalContext,portalCallbackService,requestPropertiesManager,userInfoService,personDirectoryUserInfoService,casTicketUserInfoService,cachedPasswordUserInfoService,portalAdministrationService,portletPreferencesService,portletUrlSyntaxProvider,portletSessionActionManager,portletSessionExpirationManager,portletEnvironmentService,portletWindowRegistry,portletEntityRegistry,portletDefinitionRegistry,portletChannel,portalRenderingPipeline,portalRequestUtils,requestParameterProcessorController,userLayoutParameterProcessor,portletRequestParameterProcessor,channelRequestParameterProcessor,channelRequestParameterManager,portletRequestParameterManager,uPortalTaskScheduler,cacheMaintenanceTrigger,dlmFragmentCleanerTrigger,statsQueueFlushingTrigger,xalanAuthorizationHelper,xalanGroupMembershipHelper,maxInactiveFilter,carResources,externalServices,eventListener,portalEventMulticaster,loggingEventHandler,queueingEventHandler,portalEventStore,statsJpaDaoExecution,statsDaoExecution,org.springframework.aop.support.DefaultBeanFactoryPointcutAdvisor#1,org.springframework.aop.aspectj.AspectJPointcutAdvisor#2,org.springframework.aop.aspectj.AspectJPointcutAdvisor#3,statsEntityManagerFactory,statsJpaVendorAdapter,statsTransactionManager,statsTransactionAdvice,statsDbHibernateExport,personManager,userInstanceManager]; root of factory hierarchy
 INFO [Thread-13] quartz.SchedulerFactoryBean.[] 四月/27 12:21:03 - Shutting down Quartz Scheduler
 INFO [Thread-13] core.QuartzScheduler.[] 四月/27 12:21:03 - Scheduler uPortalTaskScheduler_$_NON_CLUSTERED shutting down.
 INFO [Thread-13] core.QuartzScheduler.[] 四月/27 12:21:03 - Scheduler uPortalTaskScheduler_$_NON_CLUSTERED paused.
 INFO [Thread-13] core.QuartzScheduler.[] 四月/27 12:21:03 - Scheduler uPortalTaskScheduler_$_NON_CLUSTERED shutdown complete.
 INFO [Thread-13] jndi.DisposableMemoryContextFactory.[] 四月/27 12:21:03 - Closing MemoryContext with environment '{}'
 INFO [Thread-13] export.MBeanExporter.[] 四月/27 12:21:03 - Unregistering JMX-exposed beans on shutdown
 INFO [Thread-13] concurrent.ThreadPoolTaskExecutor.[] 四月/27 12:21:03 - Shutting down ThreadPoolExecutor 'org.springframework.scheduling.concurrent.ThreadPoolTaskExecutor#17f6f8e'
 INFO [Thread-13] jpa.LocalContainerEntityManagerFactoryBean.[] 四月/27 12:21:03 - Closing JPA EntityManagerFactory for persistence unit 'uPortalStatsPersistence'
 INFO [Thread-13] impl.SessionFactoryImpl.[] 四月/27 12:21:03 - closing
 INFO [Thread-13] jpa.LocalContainerEntityManagerFactoryBean.[] 四月/27 12:21:03 - Closing JPA EntityManagerFactory for persistence unit 'uPortalPersistence'
 INFO [Thread-13] impl.SessionFactoryImpl.[] 四月/27 12:21:03 - closing
 INFO [Thread-13] ehcache.EhCacheManagerFactoryBean.[] 四月/27 12:21:03 - Shutting down EHCache CacheManager
